<?xml version="1.0" encoding="UTF-8"?>
<!-- Generated by org.testng.reporters.JUnitXMLReporter -->
<testsuite ignored="0" hostname="FIN-IT-LT-236" failures="3" tests="7" name="LoginTest" time="42.03" errors="0" timestamp="2025-02-14T15:10:26 IST">
  <testcase classname="testCase.TC003_LoginDDT" name="verify_loginDDT" time="5.026"/>
  <testcase classname="testCase.TC003_LoginDDT" name="verify_loginDDT" time="1.804">
    <failure type="java.lang.AssertionError" message="Login succeeded for invalid credentials. expected [true] but found [false]">
      <![CDATA[java.lang.AssertionError: Login succeeded for invalid credentials. expected [true] but found [false]
at testCase.TC003_LoginDDT.verify_loginDDT(TC003_LoginDDT.java:50)
at java.base/java.util.ArrayList.forEach(ArrayList.java:1541)
... Removed 30 stack frames]]>
    </failure>
  </testcase> <!-- verify_loginDDT -->
  <testcase classname="testCase.TC003_LoginDDT" name="verify_loginDDT" time="4.402">
    <failure type="java.lang.AssertionError" message="Exception occurred during test execution.">
      <![CDATA[java.lang.AssertionError: Exception occurred during test execution.
at testCase.TC003_LoginDDT.verify_loginDDT(TC003_LoginDDT.java:57)
at java.base/java.util.ArrayList.forEach(ArrayList.java:1541)
... Removed 28 stack frames]]>
    </failure>
  </testcase> <!-- verify_loginDDT -->
  <testcase classname="testCase.TC003_LoginDDT" name="verify_loginDDT" time="4.06">
    <failure type="java.lang.AssertionError" message="Exception occurred during test execution.">
      <![CDATA[java.lang.AssertionError: Exception occurred during test execution.
at testCase.TC003_LoginDDT.verify_loginDDT(TC003_LoginDDT.java:57)
at java.base/java.util.ArrayList.forEach(ArrayList.java:1541)
... Removed 28 stack frames]]>
    </failure>
  </testcase> <!-- verify_loginDDT -->
  <testcase classname="testCase.TC003_LoginDDT" name="verify_loginDDT" time="4.774"/>
  <testcase classname="testCase.TC002_Login_page" name="verify_login" time="1.596"/>
  <testcase classname="testCase.TC001_Account_Reg" name="verify_acount_reg" time="2.064"/>
</testsuite> <!-- LoginTest -->
