<?xml version="1.0" encoding="UTF-8"?>
<!-- Generated by org.testng.reporters.JUnitXMLReporter -->
<testsuite ignored="0" hostname="FIN-IT-LT-236" failures="1" tests="1" name="Test" time="7.849" errors="0" timestamp="2025-01-25T17:13:20 IST">
  <testcase classname="testCase.TC002_Login_page" name="verify_login" time="1.521">
    <failure type="java.lang.AssertionError" message="expected [true] but found [false]">
      <![CDATA[java.lang.AssertionError: expected [true] but found [false]
at testCase.TC002_Login_page.verify_login(TC002_Login_page.java:31)
at java.base/java.util.ArrayList.forEach(ArrayList.java:1541)
... Removed 31 stack frames]]>
    </failure>
  </testcase> <!-- verify_login -->
</testsuite> <!-- Test -->
